<?xml version="1.0" encoding="UTF-8"?>
<coverage generated="1760723429962" clover="3.2.0">
  <project timestamp="1760723429963" name="All files">
    <metrics statements="59" coveredstatements="59" conditionals="15" coveredconditionals="15" methods="4" coveredmethods="4" elements="78" coveredelements="78" complexity="0" loc="59" ncloc="59" packages="1" files="1" classes="1"/>
    <file name="appointmentController.js" path="D:\health-care\Smart-Healthcare-System\backend\src\controllers\appointment\appointmentController.js">
      <metrics statements="59" coveredstatements="59" conditionals="15" coveredconditionals="15" methods="4" coveredmethods="4"/>
      <line num="3" count="1" type="stmt"/>
      <line num="4" count="1" type="stmt"/>
      <line num="5" count="1" type="stmt"/>
      <line num="6" count="1" type="stmt"/>
      <line num="9" count="1" type="stmt"/>
      <line num="10" count="16" type="stmt"/>
      <line num="11" count="16" type="stmt"/>
      <line num="14" count="16" type="cond" truecount="5" falsecount="0"/>
      <line num="15" count="6" type="stmt"/>
      <line num="18" count="10" type="stmt"/>
      <line num="19" count="9" type="stmt"/>
      <line num="20" count="8" type="cond" truecount="2" falsecount="0"/>
      <line num="21" count="1" type="stmt"/>
      <line num="24" count="7" type="stmt"/>
      <line num="29" count="6" type="stmt"/>
      <line num="30" count="5" type="stmt"/>
      <line num="33" count="4" type="stmt"/>
      <line num="39" count="3" type="stmt"/>
      <line num="41" count="6" type="stmt"/>
      <line num="42" count="6" type="stmt"/>
      <line num="47" count="1" type="stmt"/>
      <line num="48" count="11" type="stmt"/>
      <line num="49" count="11" type="stmt"/>
      <line num="50" count="11" type="stmt"/>
      <line num="51" count="11" type="stmt"/>
      <line num="52" count="9" type="cond" truecount="2" falsecount="0"/>
      <line num="54" count="8" type="stmt"/>
      <line num="55" count="7" type="stmt"/>
      <line num="56" count="6" type="cond" truecount="2" falsecount="0"/>
      <line num="57" count="1" type="stmt"/>
      <line num="60" count="5" type="stmt"/>
      <line num="61" count="5" type="stmt"/>
      <line num="62" count="5" type="stmt"/>
      <line num="64" count="4" type="stmt"/>
      <line num="65" count="3" type="stmt"/>
      <line num="67" count="3" type="stmt"/>
      <line num="73" count="2" type="stmt"/>
      <line num="75" count="7" type="stmt"/>
      <line num="76" count="7" type="stmt"/>
      <line num="81" count="1" type="stmt"/>
      <line num="82" count="12" type="stmt"/>
      <line num="83" count="12" type="stmt"/>
      <line num="84" count="12" type="stmt"/>
      <line num="85" count="10" type="cond" truecount="2" falsecount="0"/>
      <line num="87" count="8" type="stmt"/>
      <line num="88" count="8" type="stmt"/>
      <line num="90" count="6" type="stmt"/>
      <line num="92" count="5" type="stmt"/>
      <line num="98" count="4" type="stmt"/>
      <line num="100" count="6" type="stmt"/>
      <line num="101" count="6" type="stmt"/>
      <line num="106" count="1" type="stmt"/>
      <line num="107" count="14" type="stmt"/>
      <line num="108" count="14" type="stmt"/>
      <line num="109" count="14" type="cond" truecount="2" falsecount="0"/>
      <line num="113" count="12" type="stmt"/>
      <line num="116" count="9" type="stmt"/>
      <line num="118" count="5" type="stmt"/>
      <line num="119" count="5" type="stmt"/>
    </file>
  </project>
</coverage>
