{"D:\\health-care\\Smart-Healthcare-System\\backend\\src\\controllers\\appointment\\appointmentController.js": {"path":"D:\\health-care\\Smart-Healthcare-System\\backend\\src\\controllers\\appointment\\appointmentController.js","statementMap":{"0":{"start":{"line":3,"column":20},"end":{"line":3,"column":72}},"1":{"start":{"line":4,"column":45},"end":{"line":4,"column":89}},"2":{"start":{"line":5,"column":47},"end":{"line":5,"column":104}},"3":{"start":{"line":6,"column":17},"end":{"line":6,"column":49}},"4":{"start":{"line":9,"column":0},"end":{"line":44,"column":2}},"5":{"start":{"line":10,"column":2},"end":{"line":43,"column":3}},"6":{"start":{"line":11,"column":49},"end":{"line":11,"column":57}},"7":{"start":{"line":14,"column":4},"end":{"line":16,"column":5}},"8":{"start":{"line":15,"column":6},"end":{"line":15,"column":93}},"9":{"start":{"line":18,"column":17},"end":{"line":18,"column":38}},"10":{"start":{"line":19,"column":15},"end":{"line":19,"column":77}},"11":{"start":{"line":20,"column":4},"end":{"line":22,"column":5}},"12":{"start":{"line":21,"column":6},"end":{"line":21,"column":85}},"13":{"start":{"line":24,"column":24},"end":{"line":26,"column":6}},"14":{"start":{"line":29,"column":4},"end":{"line":29,"column":88}},"15":{"start":{"line":30,"column":4},"end":{"line":30,"column":61}},"16":{"start":{"line":33,"column":4},"end":{"line":37,"column":7}},"17":{"start":{"line":39,"column":4},"end":{"line":39,"column":87}},"18":{"start":{"line":41,"column":4},"end":{"line":41,"column":21}},"19":{"start":{"line":42,"column":4},"end":{"line":42,"column":79}},"20":{"start":{"line":47,"column":0},"end":{"line":78,"column":2}},"21":{"start":{"line":48,"column":2},"end":{"line":77,"column":3}},"22":{"start":{"line":49,"column":19},"end":{"line":49,"column":29}},"23":{"start":{"line":50,"column":24},"end":{"line":50,"column":32}},"24":{"start":{"line":51,"column":17},"end":{"line":51,"column":47}},"25":{"start":{"line":52,"column":4},"end":{"line":52,"column":81}},"26":{"start":{"line":52,"column":15},"end":{"line":52,"column":81}},"27":{"start":{"line":54,"column":17},"end":{"line":54,"column":41}},"28":{"start":{"line":55,"column":15},"end":{"line":55,"column":103}},"29":{"start":{"line":56,"column":4},"end":{"line":58,"column":5}},"30":{"start":{"line":57,"column":6},"end":{"line":57,"column":85}},"31":{"start":{"line":60,"column":4},"end":{"line":60,"column":21}},"32":{"start":{"line":61,"column":4},"end":{"line":61,"column":32}},"33":{"start":{"line":62,"column":4},"end":{"line":62,"column":22}},"34":{"start":{"line":64,"column":4},"end":{"line":64,"column":103}},"35":{"start":{"line":65,"column":4},"end":{"line":65,"column":67}},"36":{"start":{"line":67,"column":4},"end":{"line":71,"column":7}},"37":{"start":{"line":73,"column":4},"end":{"line":73,"column":85}},"38":{"start":{"line":75,"column":4},"end":{"line":75,"column":21}},"39":{"start":{"line":76,"column":4},"end":{"line":76,"column":79}},"40":{"start":{"line":81,"column":0},"end":{"line":103,"column":2}},"41":{"start":{"line":82,"column":2},"end":{"line":102,"column":3}},"42":{"start":{"line":83,"column":19},"end":{"line":83,"column":29}},"43":{"start":{"line":84,"column":17},"end":{"line":84,"column":47}},"44":{"start":{"line":85,"column":4},"end":{"line":85,"column":81}},"45":{"start":{"line":85,"column":15},"end":{"line":85,"column":81}},"46":{"start":{"line":87,"column":4},"end":{"line":87,"column":30}},"47":{"start":{"line":88,"column":4},"end":{"line":88,"column":22}},"48":{"start":{"line":90,"column":4},"end":{"line":90,"column":106}},"49":{"start":{"line":92,"column":4},"end":{"line":96,"column":7}},"50":{"start":{"line":98,"column":4},"end":{"line":98,"column":83}},"51":{"start":{"line":100,"column":4},"end":{"line":100,"column":21}},"52":{"start":{"line":101,"column":4},"end":{"line":101,"column":79}},"53":{"start":{"line":106,"column":0},"end":{"line":121,"column":2}},"54":{"start":{"line":107,"column":2},"end":{"line":120,"column":3}},"55":{"start":{"line":108,"column":17},"end":{"line":108,"column":25}},"56":{"start":{"line":109,"column":14},"end":{"line":111,"column":30}},"57":{"start":{"line":113,"column":17},"end":{"line":115,"column":40}},"58":{"start":{"line":116,"column":4},"end":{"line":116,"column":19}},"59":{"start":{"line":118,"column":4},"end":{"line":118,"column":21}},"60":{"start":{"line":119,"column":4},"end":{"line":119,"column":79}}},"fnMap":{"0":{"name":"(anonymous_0)","decl":{"start":{"line":9,"column":28},"end":{"line":9,"column":29}},"loc":{"start":{"line":9,"column":48},"end":{"line":44,"column":1}},"line":9},"1":{"name":"(anonymous_1)","decl":{"start":{"line":47,"column":32},"end":{"line":47,"column":33}},"loc":{"start":{"line":47,"column":52},"end":{"line":78,"column":1}},"line":47},"2":{"name":"(anonymous_2)","decl":{"start":{"line":81,"column":28},"end":{"line":81,"column":29}},"loc":{"start":{"line":81,"column":48},"end":{"line":103,"column":1}},"line":81},"3":{"name":"(anonymous_3)","decl":{"start":{"line":106,"column":26},"end":{"line":106,"column":27}},"loc":{"start":{"line":106,"column":46},"end":{"line":121,"column":1}},"line":106}},"branchMap":{"0":{"loc":{"start":{"line":14,"column":4},"end":{"line":16,"column":5}},"type":"if","locations":[{"start":{"line":14,"column":4},"end":{"line":16,"column":5}},{"start":{},"end":{}}],"line":14},"1":{"loc":{"start":{"line":14,"column":8},"end":{"line":14,"column":40}},"type":"binary-expr","locations":[{"start":{"line":14,"column":8},"end":{"line":14,"column":18}},{"start":{"line":14,"column":22},"end":{"line":14,"column":31}},{"start":{"line":14,"column":35},"end":{"line":14,"column":40}}],"line":14},"2":{"loc":{"start":{"line":20,"column":4},"end":{"line":22,"column":5}},"type":"if","locations":[{"start":{"line":20,"column":4},"end":{"line":22,"column":5}},{"start":{},"end":{}}],"line":20},"3":{"loc":{"start":{"line":52,"column":4},"end":{"line":52,"column":81}},"type":"if","locations":[{"start":{"line":52,"column":4},"end":{"line":52,"column":81}},{"start":{},"end":{}}],"line":52},"4":{"loc":{"start":{"line":56,"column":4},"end":{"line":58,"column":5}},"type":"if","locations":[{"start":{"line":56,"column":4},"end":{"line":58,"column":5}},{"start":{},"end":{}}],"line":56},"5":{"loc":{"start":{"line":85,"column":4},"end":{"line":85,"column":81}},"type":"if","locations":[{"start":{"line":85,"column":4},"end":{"line":85,"column":81}},{"start":{},"end":{}}],"line":85},"6":{"loc":{"start":{"line":109,"column":14},"end":{"line":111,"column":30}},"type":"cond-expr","locations":[{"start":{"line":110,"column":8},"end":{"line":110,"column":29}},{"start":{"line":111,"column":8},"end":{"line":111,"column":30}}],"line":109}},"s":{"0":1,"1":1,"2":1,"3":1,"4":1,"5":16,"6":16,"7":16,"8":6,"9":10,"10":9,"11":8,"12":1,"13":7,"14":6,"15":5,"16":4,"17":3,"18":6,"19":6,"20":1,"21":11,"22":11,"23":11,"24":11,"25":9,"26":1,"27":8,"28":7,"29":6,"30":1,"31":5,"32":5,"33":5,"34":4,"35":3,"36":3,"37":2,"38":7,"39":7,"40":1,"41":12,"42":12,"43":12,"44":10,"45":2,"46":8,"47":8,"48":6,"49":5,"50":4,"51":6,"52":6,"53":1,"54":14,"55":14,"56":14,"57":12,"58":9,"59":5,"60":5},"f":{"0":16,"1":11,"2":12,"3":14},"b":{"0":[6,10],"1":[16,12,11],"2":[1,7],"3":[1,8],"4":[1,5],"5":[2,8],"6":[2,12]},"_coverageSchema":"1a1c01bbd47fc00a2c39e90264f33305004495a9","hash":"bae7938b675c99e2e58c94a8b2873b707ff536bf"}
}
