TN:
SF:src\controllers\appointment\appointmentController.js
FN:9,(anonymous_0)
FN:47,(anonymous_1)
FN:81,(anonymous_2)
FN:106,(anonymous_3)
FNF:4
FNH:4
FNDA:16,(anonymous_0)
FNDA:11,(anonymous_1)
FNDA:12,(anonymous_2)
FNDA:14,(anonymous_3)
DA:3,1
DA:4,1
DA:5,1
DA:6,1
DA:9,1
DA:10,16
DA:11,16
DA:14,16
DA:15,6
DA:18,10
DA:19,9
DA:20,8
DA:21,1
DA:24,7
DA:29,6
DA:30,5
DA:33,4
DA:39,3
DA:41,6
DA:42,6
DA:47,1
DA:48,11
DA:49,11
DA:50,11
DA:51,11
DA:52,9
DA:54,8
DA:55,7
DA:56,6
DA:57,1
DA:60,5
DA:61,5
DA:62,5
DA:64,4
DA:65,3
DA:67,3
DA:73,2
DA:75,7
DA:76,7
DA:81,1
DA:82,12
DA:83,12
DA:84,12
DA:85,10
DA:87,8
DA:88,8
DA:90,6
DA:92,5
DA:98,4
DA:100,6
DA:101,6
DA:106,1
DA:107,14
DA:108,14
DA:109,14
DA:113,12
DA:116,9
DA:118,5
DA:119,5
LF:59
LH:59
BRDA:14,0,0,6
BRDA:14,0,1,10
BRDA:14,1,0,16
BRDA:14,1,1,12
BRDA:14,1,2,11
BRDA:20,2,0,1
BRDA:20,2,1,7
BRDA:52,3,0,1
BRDA:52,3,1,8
BRDA:56,4,0,1
BRDA:56,4,1,5
BRDA:85,5,0,2
BRDA:85,5,1,8
BRDA:109,6,0,2
BRDA:109,6,1,12
BRF:15
BRH:15
end_of_record
